This is pdfTeX, Version 3.14159265-2.6-1.40.17 (TeX Live 2016/Arch Linux) (preloaded format=pdflatex 2016.10.10)  18 OCT 2016 23:15
entering extended mode
 restricted \write18 enabled.
 %&-line parsing enabled.
**paper34.tex
(./paper34.tex
LaTeX2e <2016/03/31> patch level 3
Babel <3.9r> and hyphenation patterns for 83 language(s) loaded.
(./llncs.cls
Document Class: llncs 2015/06/24 v2.20 
 LaTeX document class for Lecture Notes in Computer Science
(/usr/share/texmf-dist/tex/latex/base/article.cls
Document Class: article 2014/09/29 v1.4h Standard LaTeX document class
(/usr/share/texmf-dist/tex/latex/base/size10.clo
File: size10.clo 2014/09/29 v1.4h Standard LaTeX file (size option)
)
\c@part=\count79
\c@section=\count80
\c@subsection=\count81
\c@subsubsection=\count82
\c@paragraph=\count83
\c@subparagraph=\count84
\c@figure=\count85
\c@table=\count86
\abovecaptionskip=\skip41
\belowcaptionskip=\skip42
\bibindent=\dimen102
)
(/usr/share/texmf-dist/tex/latex/tools/multicol.sty
Package: multicol 2016/04/07 v1.8p multicolumn formatting (FMi)
\c@tracingmulticols=\count87
\mult@box=\box26
\multicol@leftmargin=\dimen103
\c@unbalance=\count88
\c@collectmore=\count89
\doublecol@number=\count90
\multicoltolerance=\count91
\multicolpretolerance=\count92
\full@width=\dimen104
\page@free=\dimen105
\premulticols=\dimen106
\postmulticols=\dimen107
\multicolsep=\skip43
\multicolbaselineskip=\skip44
\partial@page=\box27
\last@line=\box28
\maxbalancingoverflow=\dimen108
\mult@rightbox=\box29
\mult@grightbox=\box30
\mult@gfirstbox=\box31
\mult@firstbox=\box32
\@tempa=\box33
\@tempa=\box34
\@tempa=\box35
\@tempa=\box36
\@tempa=\box37
\@tempa=\box38
\@tempa=\box39
\@tempa=\box40
\@tempa=\box41
\@tempa=\box42
\@tempa=\box43
\@tempa=\box44
\@tempa=\box45
\@tempa=\box46
\@tempa=\box47
\@tempa=\box48
\@tempa=\box49
\c@columnbadness=\count93
\c@finalcolumnbadness=\count94
\last@try=\dimen109
\multicolovershoot=\dimen110
\multicolundershoot=\dimen111
\mult@nat@firstbox=\box50
\colbreak@box=\box51
\mc@col@check@num=\count95
)
(/usr/share/texmf-dist/tex/latex/oberdiek/aliascnt.sty
Package: aliascnt 2016/05/16 v1.4 Alias counters (HO)

(/usr/share/texmf-dist/tex/latex/carlisle/remreset.sty))
\c@chapter=\count96
LaTeX Font Info:    Redeclaring math symbol \Gamma on input line 362.
LaTeX Font Info:    Redeclaring math symbol \Delta on input line 363.
LaTeX Font Info:    Redeclaring math symbol \Theta on input line 364.
LaTeX Font Info:    Redeclaring math symbol \Lambda on input line 365.
LaTeX Font Info:    Redeclaring math symbol \Xi on input line 366.
LaTeX Font Info:    Redeclaring math symbol \Pi on input line 367.
LaTeX Font Info:    Redeclaring math symbol \Sigma on input line 368.
LaTeX Font Info:    Redeclaring math symbol \Upsilon on input line 369.
LaTeX Font Info:    Redeclaring math symbol \Phi on input line 370.
LaTeX Font Info:    Redeclaring math symbol \Psi on input line 371.
LaTeX Font Info:    Redeclaring math symbol \Omega on input line 372.
\tocchpnum=\dimen112
\tocsecnum=\dimen113
\tocsectotal=\dimen114
\tocsubsecnum=\dimen115
\tocsubsectotal=\dimen116
\tocsubsubsecnum=\dimen117
\tocsubsubsectotal=\dimen118
\tocparanum=\dimen119
\tocparatotal=\dimen120
\tocsubparanum=\dimen121
\@tempcntc=\count97
\fnindent=\dimen122
\c@@inst=\count98
\c@@auth=\count99
\c@auco=\count100
\instindent=\dimen123
\authrun=\box52
\authorrunning=\toks14
\tocauthor=\toks15
\titrun=\box53
\titlerunning=\toks16
\toctitle=\toks17
\c@theorem=\count101
\c@case=\count102
\c@conjecture=\count103
\c@corollary=\count104
\c@definition=\count105
\c@example=\count106
\c@exercise=\count107
\c@lemma=\count108
\c@note=\count109
\c@problem=\count110
\c@property=\count111
\c@proposition=\count112
\c@question=\count113
\c@solution=\count114
\c@remark=\count115
\headlineindent=\dimen124
)
(/usr/share/texmf-dist/tex/latex/amsfonts/amssymb.sty
Package: amssymb 2013/01/14 v3.01 AMS font symbols

(/usr/share/texmf-dist/tex/latex/amsfonts/amsfonts.sty
Package: amsfonts 2013/01/14 v3.01 Basic AMSFonts support
\@emptytoks=\toks18
\symAMSa=\mathgroup4
\symAMSb=\mathgroup5
LaTeX Font Info:    Overwriting math alphabet `\mathfrak' in version `bold'
(Font)                  U/euf/m/n --> U/euf/b/n on input line 106.
))
(/usr/share/texmf-dist/tex/latex/graphics/graphicx.sty
Package: graphicx 2014/10/28 v1.0g Enhanced LaTeX Graphics (DPC,SPQR)

(/usr/share/texmf-dist/tex/latex/graphics/keyval.sty
Package: keyval 2014/10/28 v1.15 key=value parser (DPC)
\KV@toks@=\toks19
)
(/usr/share/texmf-dist/tex/latex/graphics/graphics.sty
Package: graphics 2016/07/10 v1.0t Standard LaTeX Graphics (DPC,SPQR)

(/usr/share/texmf-dist/tex/latex/graphics/trig.sty
Package: trig 2016/01/03 v1.10 sin cos tan (DPC)
)
(/usr/share/texmf-dist/tex/latex/graphics-cfg/graphics.cfg
File: graphics.cfg 2016/06/04 v1.11 sample graphics configuration
)
Package graphics Info: Driver file: pdftex.def on input line 99.

(/usr/share/texmf-dist/tex/latex/graphics-def/pdftex.def
File: pdftex.def 2016/07/10 v0.06j Graphics/color for pdfTeX

(/usr/share/texmf-dist/tex/generic/oberdiek/infwarerr.sty
Package: infwarerr 2016/05/16 v1.4 Providing info/warning/error messages (HO)
)
(/usr/share/texmf-dist/tex/generic/oberdiek/ltxcmds.sty
Package: ltxcmds 2016/05/16 v1.23 LaTeX kernel commands for general use (HO)
)
\Gread@gobject=\count116
))
\Gin@req@height=\dimen125
\Gin@req@width=\dimen126
)
(/usr/share/texmf-dist/tex/latex/amsmath/amsmath.sty
Package: amsmath 2016/06/28 v2.15d AMS math features
\@mathmargin=\skip45

For additional information on amsmath, use the `?' option.
(/usr/share/texmf-dist/tex/latex/amsmath/amstext.sty
Package: amstext 2000/06/29 v2.01 AMS text

(/usr/share/texmf-dist/tex/latex/amsmath/amsgen.sty
File: amsgen.sty 1999/11/30 v2.0 generic functions
\@emptytoks=\toks20
\ex@=\dimen127
))
(/usr/share/texmf-dist/tex/latex/amsmath/amsbsy.sty
Package: amsbsy 1999/11/29 v1.2d Bold Symbols
\pmbraise@=\dimen128
)
(/usr/share/texmf-dist/tex/latex/amsmath/amsopn.sty
Package: amsopn 2016/03/08 v2.02 operator names
)
\inf@bad=\count117
LaTeX Info: Redefining \frac on input line 199.
\uproot@=\count118
\leftroot@=\count119
LaTeX Info: Redefining \overline on input line 297.
\classnum@=\count120
\DOTSCASE@=\count121
LaTeX Info: Redefining \ldots on input line 394.
LaTeX Info: Redefining \dots on input line 397.
LaTeX Info: Redefining \cdots on input line 518.
\Mathstrutbox@=\box54
\strutbox@=\box55
\big@size=\dimen129
LaTeX Font Info:    Redeclaring font encoding OML on input line 634.
LaTeX Font Info:    Redeclaring font encoding OMS on input line 635.


Package amsmath Warning: Unable to redefine math accent \vec.

\macc@depth=\count122
\c@MaxMatrixCols=\count123
\dotsspace@=\muskip10
\c@parentequation=\count124
\dspbrk@lvl=\count125
\tag@help=\toks21
\row@=\count126
\column@=\count127
\maxfields@=\count128
\andhelp@=\toks22
\eqnshift@=\dimen130
\alignsep@=\dimen131
\tagshift@=\dimen132
\tagwidth@=\dimen133
\totwidth@=\dimen134
\lineht@=\dimen135
\@envbody=\toks23
\multlinegap=\skip46
\multlinetaggap=\skip47
\mathdisplay@stack=\toks24
LaTeX Info: Redefining \[ on input line 2739.
LaTeX Info: Redefining \] on input line 2740.
) (/usr/share/texmf-dist/tex/latex/booktabs/booktabs.sty
Package: booktabs 2016/04/27 v1.618033 publication quality tables
\heavyrulewidth=\dimen136
\lightrulewidth=\dimen137
\cmidrulewidth=\dimen138
\belowrulesep=\dimen139
\belowbottomsep=\dimen140
\aboverulesep=\dimen141
\abovetopsep=\dimen142
\cmidrulesep=\dimen143
\cmidrulekern=\dimen144
\defaultaddspace=\dimen145
\@cmidla=\count129
\@cmidlb=\count130
\@aboverulesep=\dimen146
\@belowrulesep=\dimen147
\@thisruleclass=\count131
\@lastruleclass=\count132
\@thisrulewidth=\dimen148
)
(/usr/share/texmf-dist/tex/latex/subfig/subfig.sty
Package: subfig 2005/06/28 ver: 1.3 subfig package

(/usr/share/texmf-dist/tex/latex/caption/caption3.sty
Package: caption3 2016/05/22 v1.7-166 caption3 kernel (AR)
Package caption3 Info: TeX engine: e-TeX on input line 67.
\captionmargin=\dimen149
\captionmargin@=\dimen150
\captionwidth=\dimen151
\caption@tempdima=\dimen152
\caption@indent=\dimen153
\caption@parindent=\dimen154
\caption@hangindent=\dimen155
Package caption Info: Unknown document class (or package),
(caption)             standard defaults will be used.
)
\c@KVtest=\count133
\sf@farskip=\skip48
\sf@captopadj=\dimen156
\sf@capskip=\skip49
\sf@nearskip=\skip50
\c@subfigure=\count134
\c@subfigure@save=\count135
\c@lofdepth=\count136
\c@subtable=\count137
\c@subtable@save=\count138
\c@lotdepth=\count139
\sf@top=\skip51
\sf@bottom=\skip52
)
(/usr/share/texmf-dist/tex/latex/url/url.sty
\Urlmuskip=\muskip11
Package: url 2013/09/16  ver 3.4  Verb mode for urls, etc.
) (./paper34.aux)
\openout1 = `paper34.aux'.

LaTeX Font Info:    Checking defaults for OML/cmm/m/it on input line 23.
LaTeX Font Info:    ... okay on input line 23.
LaTeX Font Info:    Checking defaults for T1/cmr/m/n on input line 23.
LaTeX Font Info:    ... okay on input line 23.
LaTeX Font Info:    Checking defaults for OT1/cmr/m/n on input line 23.
LaTeX Font Info:    ... okay on input line 23.
LaTeX Font Info:    Checking defaults for OMS/cmsy/m/n on input line 23.
LaTeX Font Info:    ... okay on input line 23.
LaTeX Font Info:    Checking defaults for OMX/cmex/m/n on input line 23.
LaTeX Font Info:    ... okay on input line 23.
LaTeX Font Info:    Checking defaults for U/cmr/m/n on input line 23.
LaTeX Font Info:    ... okay on input line 23.

(/usr/share/texmf-dist/tex/context/base/mkii/supp-pdf.mkii
[Loading MPS to PDF converter (version 2006.09.02).]
\scratchcounter=\count140
\scratchdimen=\dimen157
\scratchbox=\box56
\nofMPsegments=\count141
\nofMParguments=\count142
\everyMPshowfont=\toks25
\MPscratchCnt=\count143
\MPscratchDim=\dimen158
\MPnumerator=\count144
\makeMPintoPDFobject=\count145
\everyMPtoPDFconversion=\toks26
) (/usr/share/texmf-dist/tex/generic/oberdiek/pdftexcmds.sty
Package: pdftexcmds 2016/05/21 v0.22 Utility functions of pdfTeX for LuaTeX (HO
)

(/usr/share/texmf-dist/tex/generic/oberdiek/ifluatex.sty
Package: ifluatex 2016/05/16 v1.4 Provides the ifluatex switch (HO)
Package ifluatex Info: LuaTeX not detected.
)
(/usr/share/texmf-dist/tex/generic/oberdiek/ifpdf.sty
Package: ifpdf 2016/05/14 v3.1 Provides the ifpdf switch
)
Package pdftexcmds Info: LuaTeX not detected.
Package pdftexcmds Info: \pdf@primitive is available.
Package pdftexcmds Info: \pdf@ifprimitive is available.
Package pdftexcmds Info: \pdfdraftmode found.
)
(/usr/share/texmf-dist/tex/latex/oberdiek/epstopdf-base.sty
Package: epstopdf-base 2016/05/15 v2.6 Base part for package epstopdf

(/usr/share/texmf-dist/tex/latex/oberdiek/grfext.sty
Package: grfext 2016/05/16 v1.2 Manage graphics extensions (HO)

(/usr/share/texmf-dist/tex/generic/oberdiek/kvdefinekeys.sty
Package: kvdefinekeys 2016/05/16 v1.4 Define keys (HO)
))
(/usr/share/texmf-dist/tex/latex/oberdiek/kvoptions.sty
Package: kvoptions 2016/05/16 v3.12 Key value format for package options (HO)

(/usr/share/texmf-dist/tex/generic/oberdiek/kvsetkeys.sty
Package: kvsetkeys 2016/05/16 v1.17 Key value parser (HO)

(/usr/share/texmf-dist/tex/generic/oberdiek/etexcmds.sty
Package: etexcmds 2016/05/16 v1.6 Avoid name clashes with e-TeX commands (HO)
Package etexcmds Info: Could not find \expanded.
(etexcmds)             That can mean that you are not using pdfTeX 1.50 or
(etexcmds)             that some package has redefined \expanded.
(etexcmds)             In the latter case, load this package earlier.
)))
Package epstopdf-base Info: Redefining graphics rule for `.eps' on input line 4
38.
Package grfext Info: Graphics extension search list:
(grfext)             [.png,.pdf,.jpg,.mps,.jpeg,.jbig2,.jb2,.PNG,.PDF,.JPG,.JPE
G,.JBIG2,.JB2,.eps]
(grfext)             \AppendGraphicsExtensions on input line 456.

(/usr/share/texmf-dist/tex/latex/latexconfig/epstopdf-sys.cfg
File: epstopdf-sys.cfg 2010/07/13 v1.3 Configuration of (r)epstopdf for TeX Liv
e
))
Package caption Info: Begin \AtBeginDocument code.
Package caption Info: subfig package v1.3 is loaded.
Package caption Info: End \AtBeginDocument code.
LaTeX Font Info:    Try loading font information for U+msa on input line 64.

(/usr/share/texmf-dist/tex/latex/amsfonts/umsa.fd
File: umsa.fd 2013/01/14 v3.01 AMS symbols A
)
LaTeX Font Info:    Try loading font information for U+msb on input line 64.

(/usr/share/texmf-dist/tex/latex/amsfonts/umsb.fd
File: umsb.fd 2013/01/14 v3.01 AMS symbols B
) [1


{/var/lib/texmf/fonts/map/pdftex/updmap/pdftex.map}] <./images/t1.png, id=11, 2
40.9pt x 240.9pt>
File: ./images/t1.png Graphic file (type png)

<use ./images/t1.png>
Package pdftex.def Info: ./images/t1.png used on input line 91.
(pdftex.def)             Requested size: 82.47888pt x 82.47833pt.
 <./images/t1-ir.png, id=13, 240.9pt x 240.9pt>
File: ./images/t1-ir.png Graphic file (type png)

<use ./images/t1-ir.png>
Package pdftex.def Info: ./images/t1-ir.png used on input line 94.
(pdftex.def)             Requested size: 82.47888pt x 82.47833pt.
 <./images/t2-flair.png, id=14, 240.9pt x 240.9pt>
File: ./images/t2-flair.png Graphic file (type png)

<use ./images/t2-flair.png>
Package pdftex.def Info: ./images/t2-flair.png used on input line 97.
(pdftex.def)             Requested size: 82.47888pt x 82.47833pt.
 <./images/t1-gs.png, id=15, 240.9pt x 240.9pt>
File: ./images/t1-gs.png Graphic file (type png)

<use ./images/t1-gs.png>
Package pdftex.def Info: ./images/t1-gs.png used on input line 101.
(pdftex.def)             Requested size: 82.47888pt x 82.47833pt.
 <./images/t1-ir-gs.png, id=16, 240.9pt x 240.9pt>
File: ./images/t1-ir-gs.png Graphic file (type png)

<use ./images/t1-ir-gs.png>
Package pdftex.def Info: ./images/t1-ir-gs.png used on input line 104.
(pdftex.def)             Requested size: 82.47888pt x 82.47833pt.

<./images/t2-flair-gs.png, id=17, 240.9pt x 240.9pt>
File: ./images/t2-flair-gs.png Graphic file (type png)

<use ./images/t2-flair-gs.png>
Package pdftex.def Info: ./images/t2-flair-gs.png used on input line 107.
(pdftex.def)             Requested size: 82.47888pt x 82.47833pt.
 [2]
Underfull \vbox (badness 10000) has occurred while \output is active []

 [3 <./images/t1.png> <./images/t1-ir.png> <./images/t2-flair.png> <./images/t1
-gs.png> <./images/t1-ir-gs.png> <./images/t2-flair-gs.png>]
Overfull \hbox (13.67535pt too wide) in paragraph at lines 147--148
 \OT1/cmr/bx/n/10 Net-work[] \OT1/cmr/m/n/10 We model our net-work sim-i-lar to
 [13]. We in-clude three multi-dimensional
 []

[4] <images/cgrunotitle3.pdf, id=45, 292.87154pt x 200.07097pt>
File: images/cgrunotitle3.pdf Graphic file (type pdf)

<use images/cgrunotitle3.pdf>
Package pdftex.def Info: images/cgrunotitle3.pdf used on input line 154.
(pdftex.def)             Requested size: 121.49535pt x 82.99736pt.

<images/mdgrunotitle2.pdf, id=46, 366.4161pt x 181.20044pt>
File: images/mdgrunotitle2.pdf Graphic file (type pdf)

<use images/mdgrunotitle2.pdf>
Package pdftex.def Info: images/mdgrunotitle2.pdf used on input line 157.
(pdftex.def)             Requested size: 166.61781pt x 82.39655pt.

<images/network.pdf, id=47, 565.2921pt x 72.1885pt>
File: images/network.pdf Graphic file (type pdf)
 <use images/network.pdf>
Package pdftex.def Info: images/network.pdf used on input line 161.
(pdftex.def)             Requested size: 343.6542pt x 43.8851pt.

Overfull \hbox (2.6973pt too wide) in paragraph at lines 161--162
 [][] 
 []

[5 <./images/cgrunotitle3.pdf> <./images/mdgrunotitle2.pdf

pdfTeX warning: /usr/bin/pdflatex (file ./images/mdgrunotitle2.pdf): PDF inclus
ion: multiple pdfs with page group included in a single page
> <./images/network.pdf

pdfTeX warning: /usr/bin/pdflatex (file ./images/network.pdf): PDF inclusion: m
ultiple pdfs with page group included in a single page
>]
Missing character: There is no Ã in font cmr9!
Missing character: There is no — in font cmr9!
 <./images/lstmfeas_new_new.png, id=149, 240.9pt x 240.9pt>
File: ./images/lstmfeas_new_new.png Graphic file (type png)

<use ./images/lstmfeas_new_new.png>
Package pdftex.def Info: ./images/lstmfeas_new_new.png used on input line 202.
(pdftex.def)             Requested size: 81.64496pt x 81.64392pt.

<./images/grusfeas_new_new.png, id=150, 240.9pt x 240.9pt>
File: ./images/grusfeas_new_new.png Graphic file (type png)

<use ./images/grusfeas_new_new.png>
Package pdftex.def Info: ./images/grusfeas_new_new.png used on input line 205.
(pdftex.def)             Requested size: 81.64496pt x 81.64392pt.

<./images/Traindata5atslice19-Testlabel.png, id=151, 240.9pt x 240.9pt>
File: ./images/Traindata5atslice19-Testlabel.png Graphic file (type png)

<use ./images/Traindata5atslice19-Testlabel.png>
Package pdftex.def Info: ./images/Traindata5atslice19-Testlabel.png used on inp
ut line 208.
(pdftex.def)             Requested size: 81.64496pt x 81.64392pt.

<./images/convergence_rate_new10000_mediumlines_withtitle6.pdf, id=152, 335.252
5pt x 155.58125pt>
File: ./images/convergence_rate_new10000_mediumlines_withtitle6.pdf Graphic fil
e (type pdf)

<use ./images/convergence_rate_new10000_mediumlines_withtitle6.pdf>
Package pdftex.def Info: ./images/convergence_rate_new10000_mediumlines_withtit
le6.pdf used on input line 212.
(pdftex.def)             Requested size: 249.92819pt x 115.98294pt.
 [6]
Missing character: There is no Ã in font cmr7!
Missing character: There is no — in font cmr7!
Missing character: There is no Ã in font cmr7!
Missing character: There is no — in font cmr7!

Overfull \hbox (4.19632pt too wide) in paragraph at lines 229--240
 [] 
 []

<./images/sl19-v5-test-challres_new.png, id=156, 240.9pt x 240.9pt>
File: ./images/sl19-v5-test-challres_new.png Graphic file (type png)

<use ./images/sl19-v5-test-challres_new.png>
Package pdftex.def Info: ./images/sl19-v5-test-challres_new.png used on input l
ine 247.
(pdftex.def)             Requested size: 82.47888pt x 82.47833pt.

<./images/sl19-v5-test-t1.png, id=157, 240.9pt x 240.9pt>
File: ./images/sl19-v5-test-t1.png Graphic file (type png)

<use ./images/sl19-v5-test-t1.png>
Package pdftex.def Info: ./images/sl19-v5-test-t1.png used on input line 250.
(pdftex.def)             Requested size: 82.47888pt x 82.47833pt.

<./images/sl19-v5-test-t1-ir.png, id=158, 240.9pt x 240.9pt>
File: ./images/sl19-v5-test-t1-ir.png Graphic file (type png)

<use ./images/sl19-v5-test-t1-ir.png>
Package pdftex.def Info: ./images/sl19-v5-test-t1-ir.png used on input line 253
.
(pdftex.def)             Requested size: 82.47888pt x 82.47833pt.

<./images/sl19-v5-test-t2-flair.png, id=159, 240.9pt x 240.9pt>
File: ./images/sl19-v5-test-t2-flair.png Graphic file (type png)

<use ./images/sl19-v5-test-t2-flair.png>
Package pdftex.def Info: ./images/sl19-v5-test-t2-flair.png used on input line 
256.
(pdftex.def)             Requested size: 82.47888pt x 82.47833pt.

<./images/sl19-v10-test-challres_new.png, id=160, 240.9pt x 240.9pt>
File: ./images/sl19-v10-test-challres_new.png Graphic file (type png)

<use ./images/sl19-v10-test-challres_new.png>
Package pdftex.def Info: ./images/sl19-v10-test-challres_new.png used on input 
line 261.
(pdftex.def)             Requested size: 82.47888pt x 82.47833pt.

<./images/sl19-v10-test-t1.png, id=161, 240.9pt x 240.9pt>
File: ./images/sl19-v10-test-t1.png Graphic file (type png)

<use ./images/sl19-v10-test-t1.png>
Package pdftex.def Info: ./images/sl19-v10-test-t1.png used on input line 264.
(pdftex.def)             Requested size: 82.47888pt x 82.47833pt.

<./images/sl19-v10-test-t1-ir.png, id=162, 240.9pt x 240.9pt>
File: ./images/sl19-v10-test-t1-ir.png Graphic file (type png)

<use ./images/sl19-v10-test-t1-ir.png>
Package pdftex.def Info: ./images/sl19-v10-test-t1-ir.png used on input line 26
7.
(pdftex.def)             Requested size: 82.47888pt x 82.47833pt.

<./images/sl19-v10-test-t2-flair.png, id=163, 240.9pt x 240.9pt>
File: ./images/sl19-v10-test-t2-flair.png Graphic file (type png)

<use ./images/sl19-v10-test-t2-flair.png>
Package pdftex.def Info: ./images/sl19-v10-test-t2-flair.png used on input line
 270.
(pdftex.def)             Requested size: 82.47888pt x 82.47833pt.

<./images/sl19-v15-test-challres_new.png, id=164, 240.9pt x 240.9pt>
File: ./images/sl19-v15-test-challres_new.png Graphic file (type png)

<use ./images/sl19-v15-test-challres_new.png>
Package pdftex.def Info: ./images/sl19-v15-test-challres_new.png used on input 
line 275.
(pdftex.def)             Requested size: 82.47888pt x 82.47833pt.

<./images/sl19-v15-test-t1.png, id=165, 240.9pt x 240.9pt>
File: ./images/sl19-v15-test-t1.png Graphic file (type png)

<use ./images/sl19-v15-test-t1.png>
Package pdftex.def Info: ./images/sl19-v15-test-t1.png used on input line 278.
(pdftex.def)             Requested size: 82.47888pt x 82.47833pt.

<./images/sl19-v15-test-t1-ir.png, id=166, 240.9pt x 240.9pt>
File: ./images/sl19-v15-test-t1-ir.png Graphic file (type png)

<use ./images/sl19-v15-test-t1-ir.png>
Package pdftex.def Info: ./images/sl19-v15-test-t1-ir.png used on input line 28
1.
(pdftex.def)             Requested size: 82.47888pt x 82.47833pt.

<./images/sl19-v15-test-t2-flair.png, id=167, 240.9pt x 240.9pt>
File: ./images/sl19-v15-test-t2-flair.png Graphic file (type png)

<use ./images/sl19-v15-test-t2-flair.png>
Package pdftex.def Info: ./images/sl19-v15-test-t2-flair.png used on input line
 284.
(pdftex.def)             Requested size: 82.47888pt x 82.47833pt.
 [7 <./images/lstmfeas_new_new.png> <./images/grusfeas_new_new.png> <./images/T
raindata5atslice19-Testlabel.png> <./images/convergence_rate_new10000_mediumlin
es_withtitle6.pdf>] [8 <./images/sl19-v5-test-challres_new.png> <./images/sl19-
v5-test-t1.png> <./images/sl19-v5-test-t1-ir.png> <./images/sl19-v5-test-t2-fla
ir.png> <./images/sl19-v10-test-challres_new.png> <./images/sl19-v10-test-t1.pn
g> <./images/sl19-v10-test-t1-ir.png> <./images/sl19-v10-test-t2-flair.png> <./
images/sl19-v15-test-challres_new.png> <./images/sl19-v15-test-t1.png> <./image
s/sl19-v15-test-t1-ir.png> <./images/sl19-v15-test-t2-flair.png>] (./paper34.bb
l
Underfull \hbox (badness 1983) in paragraph at lines 22--26
\OT1/cmr/m/n/9 U-Net: Learn-ing Dense Vol-u-met-ric Seg-men-ta-tion from Sparse
 An-no-ta-tion.
 []

[9]
Underfull \hbox (badness 1331) in paragraph at lines 58--60
[]\OT1/cmr/m/n/9 Olah, C.: Un-der-stand-ing LSTM Net-works. $\OT1/cmtt/m/n/9 ht
tp : / / colah . github . io / posts /
 []


Underfull \hbox (badness 1231) in paragraph at lines 70--75
[]\OT1/cmr/m/n/9 Stollenga, M.F., Byeon, W., Li-wicki, M., Schmid-hu-ber, J.: P
ar-al-lel Multi-
 []

) [10] (./paper34.aux) ) 
Here is how much of TeX's memory you used:
 3853 strings out of 493013
 55448 string characters out of 6139316
 127937 words of memory out of 5000000
 7307 multiletter control sequences out of 15000+600000
 11435 words of font info for 44 fonts, out of 8000000 for 9000
 1141 hyphenation exceptions out of 8191
 40i,9n,49p,1529b,342s stack positions out of 5000i,500n,10000p,200000b,80000s
</usr/share/texmf-dist/fonts/type1/public/amsfonts/cm/c
mbx10.pfb></usr/share/texmf-dist/fonts/type1/public/amsfonts/cm/cmbx12.pfb></us
r/share/texmf-dist/fonts/type1/public/amsfonts/cm/cmbx7.pfb></usr/share/texmf-d
ist/fonts/type1/public/amsfonts/cm/cmbx9.pfb></usr/share/texmf-dist/fonts/type1
/public/amsfonts/cm/cmex10.pfb></usr/share/texmf-dist/fonts/type1/public/amsfon
ts/cm/cmmi10.pfb></usr/share/texmf-dist/fonts/type1/public/amsfonts/cm/cmmi5.pf
b></usr/share/texmf-dist/fonts/type1/public/amsfonts/cm/cmmi6.pfb></usr/share/t
exmf-dist/fonts/type1/public/amsfonts/cm/cmmi7.pfb></usr/share/texmf-dist/fonts
/type1/public/amsfonts/cm/cmmi9.pfb></usr/share/texmf-dist/fonts/type1/public/a
msfonts/cm/cmr10.pfb></usr/share/texmf-dist/fonts/type1/public/amsfonts/cm/cmr5
.pfb></usr/share/texmf-dist/fonts/type1/public/amsfonts/cm/cmr6.pfb></usr/share
/texmf-dist/fonts/type1/public/amsfonts/cm/cmr7.pfb></usr/share/texmf-dist/font
s/type1/public/amsfonts/cm/cmr9.pfb></usr/share/texmf-dist/fonts/type1/public/a
msfonts/cm/cmsy10.pfb></usr/share/texmf-dist/fonts/type1/public/amsfonts/cm/cms
y7.pfb></usr/share/texmf-dist/fonts/type1/public/amsfonts/cm/cmsy9.pfb></usr/sh
are/texmf-dist/fonts/type1/public/amsfonts/cm/cmti10.pfb></usr/share/texmf-dist
/fonts/type1/public/amsfonts/cm/cmti9.pfb></usr/share/texmf-dist/fonts/type1/pu
blic/amsfonts/cm/cmtt9.pfb></usr/share/texmf-dist/fonts/type1/public/amsfonts/s
ymbols/msam10.pfb></usr/share/texmf-dist/fonts/type1/public/amsfonts/symbols/ms
bm10.pfb>
Output written on paper34.pdf (10 pages, 879113 bytes).
PDF statistics:
 279 PDF objects out of 1000 (max. 8388607)
 176 compressed objects within 2 object streams
 0 named destinations out of 1000 (max. 500000)
 126 words of extra memory for PDF output out of 10000 (max. 10000000)

